Using pre-set license
Built from '2021.3/staging' branch; Version is '2021.3.11f1 (0a5ca18544bf) revision 679073'; Using compiler version '192829333'; Build Type 'Release'
OS: 'Windows 11  (10.0.22621) 64bit Core' Language: 'en' Physical Memory: 32469 MB
BatchMode: 1, IsHumanControllingUs: 0, StartBugReporterOnCrash: 0, Is64bit: 1, IsPro: 1

COMMAND LINE ARGUMENTS:
C:\Program Files\Unity\Hub\Editor\2021.3.11f1\Editor\Unity.exe
-adb2
-batchMode
-noUpm
-name
AssetImportWorker4
-projectPath
C:/Users/User/Desktop/Jam1
-logFile
Logs/AssetImportWorker4.log
-srvPort
54918
Successfully changed project path to: C:/Users/User/Desktop/Jam1
C:/Users/User/Desktop/Jam1
[UnityMemory] Configuration Parameters - Can be set up in boot.config
    "memorysetup-bucket-allocator-granularity=16"
    "memorysetup-bucket-allocator-bucket-count=8"
    "memorysetup-bucket-allocator-block-size=33554432"
    "memorysetup-bucket-allocator-block-count=8"
    "memorysetup-main-allocator-block-size=16777216"
    "memorysetup-thread-allocator-block-size=16777216"
    "memorysetup-gfx-main-allocator-block-size=16777216"
    "memorysetup-gfx-thread-allocator-block-size=16777216"
    "memorysetup-cache-allocator-block-size=4194304"
    "memorysetup-typetree-allocator-block-size=2097152"
    "memorysetup-profiler-bucket-allocator-granularity=16"
    "memorysetup-profiler-bucket-allocator-bucket-count=8"
    "memorysetup-profiler-bucket-allocator-block-size=33554432"
    "memorysetup-profiler-bucket-allocator-block-count=8"
    "memorysetup-profiler-allocator-block-size=16777216"
    "memorysetup-profiler-editor-allocator-block-size=1048576"
    "memorysetup-temp-allocator-size-main=16777216"
    "memorysetup-job-temp-allocator-block-size=2097152"
    "memorysetup-job-temp-allocator-block-size-background=1048576"
    "memorysetup-job-temp-allocator-reduction-small-platforms=262144"
    "memorysetup-temp-allocator-size-background-worker=32768"
    "memorysetup-temp-allocator-size-job-worker=262144"
    "memorysetup-temp-allocator-size-preload-manager=33554432"
    "memorysetup-temp-allocator-size-nav-mesh-worker=65536"
    "memorysetup-temp-allocator-size-audio-worker=65536"
    "memorysetup-temp-allocator-size-cloud-worker=32768"
    "memorysetup-temp-allocator-size-gi-baking-worker=262144"
    "memorysetup-temp-allocator-size-gfx=262144"
Refreshing native plugins compatible for Editor in 52.51 ms, found 3 plugins.
Preloading 0 native plugins for Editor in 0.00 ms.
Initialize engine version: 2021.3.11f1 (0a5ca18544bf)
[Subsystems] Discovering subsystems at path C:/Program Files/Unity/Hub/Editor/2021.3.11f1/Editor/Data/Resources/UnitySubsystems
[Subsystems] Discovering subsystems at path C:/Users/User/Desktop/Jam1/Assets
GfxDevice: creating device client; threaded=0; jobified=0
Direct3D:
    Version:  Direct3D 11.0 [level 11.1]
    Renderer: NVIDIA GeForce RTX 4070 Laptop GPU (ID=0x2820)
    Vendor:   NVIDIA
    VRAM:     7962 MB
    Driver:   31.0.15.3667
Initialize mono
Mono path[0] = 'C:/Program Files/Unity/Hub/Editor/2021.3.11f1/Editor/Data/Managed'
Mono path[1] = 'C:/Program Files/Unity/Hub/Editor/2021.3.11f1/Editor/Data/MonoBleedingEdge/lib/mono/unityjit-win32'
Mono config path = 'C:/Program Files/Unity/Hub/Editor/2021.3.11f1/Editor/Data/MonoBleedingEdge/etc'
Using monoOptions --debugger-agent=transport=dt_socket,embedding=1,server=y,suspend=n,address=127.0.0.1:56256
Begin MonoManager ReloadAssembly
Registering precompiled unity dll's ...
Register platform support module: C:/Program Files/Unity/Hub/Editor/2021.3.11f1/Editor/Data/PlaybackEngines/WindowsStandaloneSupport/UnityEditor.WindowsStandalone.Extensions.dll
Registered in 0.002257 seconds.
Native extension for WindowsStandalone target not found
Refreshing native plugins compatible for Editor in 47.61 ms, found 3 plugins.
Preloading 0 native plugins for Editor in 0.00 ms.
Mono: successfully reloaded assembly
- Completed reload, in  0.393 seconds
Domain Reload Profiling:
	ReloadAssembly (393ms)
		BeginReloadAssembly (48ms)
			ExecutionOrderSort (0ms)
			DisableScriptedObjects (0ms)
			BackupInstance (0ms)
			ReleaseScriptingObjects (0ms)
			CreateAndSetChildDomain (0ms)
		EndReloadAssembly (278ms)
			LoadAssemblies (47ms)
			RebuildTransferFunctionScriptingTraits (0ms)
			SetupTypeCache (62ms)
			ReleaseScriptCaches (0ms)
			RebuildScriptCaches (17ms)
			SetupLoadedEditorAssemblies (167ms)
				LogAssemblyErrors (0ms)
				InitializePlatformSupportModulesInManaged (4ms)
				SetLoadedEditorAssemblies (0ms)
				RefreshPlugins (48ms)
				BeforeProcessingInitializeOnLoad (1ms)
				ProcessInitializeOnLoadAttributes (86ms)
				ProcessInitializeOnLoadMethodAttributes (28ms)
				AfterProcessingInitializeOnLoad (0ms)
				EditorAssembliesLoaded (0ms)
			ExecutionOrderSort2 (0ms)
			AwakeInstancesAfterBackupRestoration (0ms)
Platform modules already initialized, skipping
Registering precompiled user dll's ...
Registered in 0.002710 seconds.
Begin MonoManager ReloadAssembly
Symbol file LoadedFromMemory doesn't match image C:\Users\User\Desktop\Jam1\Library\PackageCache\com.unity.visualscripting@1.7.8\Editor\VisualScripting.Core\Dependencies\YamlDotNet\Unity.VisualScripting.YamlDotNet.dll
Symbol file LoadedFromMemory doesn't match image C:\Users\User\Desktop\Jam1\Library\PackageCache\com.unity.visualscripting@1.7.8\Editor\VisualScripting.Core\Dependencies\DotNetZip\Unity.VisualScripting.IonicZip.dll
Native extension for WindowsStandalone target not found
Refreshing native plugins compatible for Editor in 0.37 ms, found 3 plugins.
Preloading 0 native plugins for Editor in 0.00 ms.
Mono: successfully reloaded assembly
- Completed reload, in  0.639 seconds
Domain Reload Profiling:
	ReloadAssembly (640ms)
		BeginReloadAssembly (85ms)
			ExecutionOrderSort (0ms)
			DisableScriptedObjects (4ms)
			BackupInstance (0ms)
			ReleaseScriptingObjects (0ms)
			CreateAndSetChildDomain (26ms)
		EndReloadAssembly (482ms)
			LoadAssemblies (52ms)
			RebuildTransferFunctionScriptingTraits (0ms)
			SetupTypeCache (154ms)
			ReleaseScriptCaches (0ms)
			RebuildScriptCaches (30ms)
			SetupLoadedEditorAssemblies (223ms)
				LogAssemblyErrors (0ms)
				InitializePlatformSupportModulesInManaged (3ms)
				SetLoadedEditorAssemblies (0ms)
				RefreshPlugins (0ms)
				BeforeProcessingInitializeOnLoad (49ms)
				ProcessInitializeOnLoadAttributes (149ms)
				ProcessInitializeOnLoadMethodAttributes (17ms)
				AfterProcessingInitializeOnLoad (4ms)
				EditorAssembliesLoaded (0ms)
			ExecutionOrderSort2 (0ms)
			AwakeInstancesAfterBackupRestoration (5ms)
Platform modules already initialized, skipping
========================================================================
Worker process is ready to serve import requests
Launched and connected shader compiler UnityShaderCompiler.exe after 0.04 seconds
Refreshing native plugins compatible for Editor in 0.55 ms, found 3 plugins.
Preloading 0 native plugins for Editor in 0.00 ms.
Unloading 3399 Unused Serialized files (Serialized files now loaded: 0)
Unloading 27 unused Assets / (113.5 KB). Loaded Objects now: 3859.
Memory consumption went from 119.4 MB to 119.3 MB.
Total: 3.211600 ms (FindLiveObjects: 0.208700 ms CreateObjectMapping: 0.099200 ms MarkObjects: 2.798200 ms  DeleteObjects: 0.104300 ms)

AssetImportParameters requested are different than current active one (requested -> active):
  custom:video-decoder-ogg-theora: a1e56fd34408186e4bbccfd4996cb3dc -> 
  custom:container-muxer-webm: aa71ff27fc2769a1b78a27578f13a17b -> 
  custom:container-demuxer-webm: 4f35f7cbe854078d1ac9338744f61a02 -> 
  custom:video-encoder-webm-vp8: eb34c28f22e8b96e1ab97ce403110664 -> 
  custom:video-codec-MediaFoundation-h265: 746d11721c4dcdbdad8f713fa42b33f4 -> 
  custom:audio-encoder-webm-vorbis: bf7c407c2cedff20999df2af8eb42d56 -> 
  custom:framework-win-MediaFoundation: 216162199b28c13a410421893ffa2e32 -> 
  custom:container-demuxer-ogg: 62fdf1f143b41e24485cea50d1cbac27 -> 
  custom:video-decoder-webm-vp8: 9c59270c3fd7afecdb556c50c9e8de78 -> 
  custom:audio-decoder-ogg-vorbis: bf7c407c2cedff20999df2af8eb42d56 -> 
========================================================================
Received Import Request.
  Time since last request: 682075.930859 seconds.
  path: Assets/Brick Project Studio/Apartment Kit/_Prefabs/Furniture/Living Room
  artifactKey: Guid(53e140c5a0581424493108af1eb65836) Importer(815301076,1909f56bfc062723c751e8b465ee728b)
Start importing Assets/Brick Project Studio/Apartment Kit/_Prefabs/Furniture/Living Room using Guid(53e140c5a0581424493108af1eb65836) Importer(815301076,1909f56bfc062723c751e8b465ee728b)  -> (artifact id: '92ac1d0a622436923f77e4f5565d7a2b') in 0.023753 seconds 
========================================================================
Received Import Request.
  Time since last request: 0.018728 seconds.
  path: Assets/Brick Project Studio/Apartment Kit/_Prefabs/Furniture/Living Room/Bench_Apt_01.prefab
  artifactKey: Guid(544e2a3365ece1e428837232ca8b768d) Importer(815301076,1909f56bfc062723c751e8b465ee728b)
Start importing Assets/Brick Project Studio/Apartment Kit/_Prefabs/Furniture/Living Room/Bench_Apt_01.prefab using Guid(544e2a3365ece1e428837232ca8b768d) Importer(815301076,1909f56bfc062723c751e8b465ee728b)  -> (artifact id: '9e5a6bfddf217f0a441f5c270573dbb6') in 0.138534 seconds 
========================================================================
Received Import Request.
  Time since last request: 0.000023 seconds.
  path: Assets/Brick Project Studio/Apartment Kit/_Prefabs/Furniture/Living Room/Table_Dining_Apt_01.prefab
  artifactKey: Guid(88eb65b4dea685a4cad7ad664104b001) Importer(815301076,1909f56bfc062723c751e8b465ee728b)
Start importing Assets/Brick Project Studio/Apartment Kit/_Prefabs/Furniture/Living Room/Table_Dining_Apt_01.prefab using Guid(88eb65b4dea685a4cad7ad664104b001) Importer(815301076,1909f56bfc062723c751e8b465ee728b)  -> (artifact id: 'f2f109b6494b7ee8b993ef1b18696509') in 0.177231 seconds 
========================================================================
Received Import Request.
  Time since last request: 2.064727 seconds.
  path: Assets/Brick Project Studio/Apartment Kit/_Prefabs/Furniture/Kitchen
  artifactKey: Guid(64b32d819dc74784f921de88bc4d6117) Importer(815301076,1909f56bfc062723c751e8b465ee728b)
Start importing Assets/Brick Project Studio/Apartment Kit/_Prefabs/Furniture/Kitchen using Guid(64b32d819dc74784f921de88bc4d6117) Importer(815301076,1909f56bfc062723c751e8b465ee728b)  -> (artifact id: '646b1f16569cfc73851adc575e9454f6') in 0.018656 seconds 
========================================================================
Received Import Request.
  Time since last request: 1.202735 seconds.
  path: Assets/Brick Project Studio/Apartment Kit/_Prefabs/Furniture/Kitchen/Cabinets
  artifactKey: Guid(1fefdc64112392844841a44ee966f389) Importer(815301076,1909f56bfc062723c751e8b465ee728b)
Start importing Assets/Brick Project Studio/Apartment Kit/_Prefabs/Furniture/Kitchen/Cabinets using Guid(1fefdc64112392844841a44ee966f389) Importer(815301076,1909f56bfc062723c751e8b465ee728b)  -> (artifact id: '001acf7481cdba8e36eb70b155aef121') in 0.017692 seconds 
========================================================================
Received Import Request.
  Time since last request: 0.044570 seconds.
  path: Assets/Brick Project Studio/Apartment Kit/_Prefabs/Furniture/Kitchen/Cabinets/Cabinet_Base_Corner_01.prefab
  artifactKey: Guid(9e4d4910b774d1f48810a4fa933835c5) Importer(815301076,1909f56bfc062723c751e8b465ee728b)
Start importing Assets/Brick Project Studio/Apartment Kit/_Prefabs/Furniture/Kitchen/Cabinets/Cabinet_Base_Corner_01.prefab using Guid(9e4d4910b774d1f48810a4fa933835c5) Importer(815301076,1909f56bfc062723c751e8b465ee728b)  -> (artifact id: '3c8f5442206848a5cb0349985e0ce31b') in 0.050109 seconds 
========================================================================
Received Import Request.
  Time since last request: 0.000016 seconds.
  path: Assets/Brick Project Studio/Apartment Kit/_Prefabs/Furniture/Kitchen/Cabinets/Cabinet_Wall_DD_01.prefab
  artifactKey: Guid(d2d91ff190ebafa41b8fa852ad4c0f8c) Importer(815301076,1909f56bfc062723c751e8b465ee728b)
Start importing Assets/Brick Project Studio/Apartment Kit/_Prefabs/Furniture/Kitchen/Cabinets/Cabinet_Wall_DD_01.prefab using Guid(d2d91ff190ebafa41b8fa852ad4c0f8c) Importer(815301076,1909f56bfc062723c751e8b465ee728b)  -> (artifact id: '0c62752fd0a05b1140fa4fe61e6c37d6') in 0.027206 seconds 
========================================================================
Received Import Request.
  Time since last request: 2.872501 seconds.
  path: Assets/Brick Project Studio/Apartment Kit/_Prefabs/Furniture/Kitchen/Appliances
  artifactKey: Guid(9d1b8e8288d67e24fa563a8d19b1684f) Importer(815301076,1909f56bfc062723c751e8b465ee728b)
Start importing Assets/Brick Project Studio/Apartment Kit/_Prefabs/Furniture/Kitchen/Appliances using Guid(9d1b8e8288d67e24fa563a8d19b1684f) Importer(815301076,1909f56bfc062723c751e8b465ee728b)  -> (artifact id: '29c609f50e7850182366cc6712f1d9b0') in 0.018876 seconds 
========================================================================
Received Import Request.
  Time since last request: 0.045368 seconds.
  path: Assets/Brick Project Studio/Apartment Kit/_Prefabs/Furniture/Kitchen/Appliances/Fridge_01.prefab
  artifactKey: Guid(b9f258a086096d24aa7861fa20deed65) Importer(815301076,1909f56bfc062723c751e8b465ee728b)
Start importing Assets/Brick Project Studio/Apartment Kit/_Prefabs/Furniture/Kitchen/Appliances/Fridge_01.prefab using Guid(b9f258a086096d24aa7861fa20deed65) Importer(815301076,1909f56bfc062723c751e8b465ee728b)  -> (artifact id: 'f6b8d3d956aa2e208989457236cbebdb') in 0.097747 seconds 
========================================================================
Received Import Request.
  Time since last request: 9.860053 seconds.
  path: Assets/Brick Project Studio/Apartment Kit/_Prefabs/Structures/Structure 01.prefab
  artifactKey: Guid(49f576a03ece56a4e9c640ed081f6a68) Importer(815301076,1909f56bfc062723c751e8b465ee728b)
Start importing Assets/Brick Project Studio/Apartment Kit/_Prefabs/Structures/Structure 01.prefab using Guid(49f576a03ece56a4e9c640ed081f6a68) Importer(815301076,1909f56bfc062723c751e8b465ee728b)  -> (artifact id: '3de2f273db4c1e116d326944c5c89774') in 0.673416 seconds 
========================================================================
Received Import Request.
  Time since last request: 45.937777 seconds.
  path: Assets/Brick Project Studio/Apartment Kit/Common/Models
  artifactKey: Guid(0e1a7a4954a0e0d47b38ada5fb16bf04) Importer(815301076,1909f56bfc062723c751e8b465ee728b)
Start importing Assets/Brick Project Studio/Apartment Kit/Common/Models using Guid(0e1a7a4954a0e0d47b38ada5fb16bf04) Importer(815301076,1909f56bfc062723c751e8b465ee728b)  -> (artifact id: 'fe54e6d090b47675bc3973b77f896451') in 0.020127 seconds 
========================================================================
Received Import Request.
  Time since last request: 0.088048 seconds.
  path: Assets/Brick Project Studio/Apartment Kit/Common/Models/Apt_Furniture_01.fbx
  artifactKey: Guid(7a1dd57bd8b6ca44cbf5f922801b2975) Importer(815301076,1909f56bfc062723c751e8b465ee728b)
Start importing Assets/Brick Project Studio/Apartment Kit/Common/Models/Apt_Furniture_01.fbx using Guid(7a1dd57bd8b6ca44cbf5f922801b2975) Importer(815301076,1909f56bfc062723c751e8b465ee728b)  -> (artifact id: '0d4d4659866e01c54c817470c05bd628') in 0.461236 seconds 
========================================================================
Received Import Request.
  Time since last request: 0.000024 seconds.
  path: Assets/Brick Project Studio/Apartment Kit/Common/Models/lamp.fbx
  artifactKey: Guid(693cb6a41bc2205409161bed0f51fdca) Importer(815301076,1909f56bfc062723c751e8b465ee728b)
Start importing Assets/Brick Project Studio/Apartment Kit/Common/Models/lamp.fbx using Guid(693cb6a41bc2205409161bed0f51fdca) Importer(815301076,1909f56bfc062723c751e8b465ee728b)  -> (artifact id: 'f6687004877e83dafa159d349f6d6938') in 0.052951 seconds 
========================================================================
Received Import Request.
  Time since last request: 5.875354 seconds.
  path: Assets/Brick Project Studio/Apartment Kit/Scenes/Scene_03
  artifactKey: Guid(64f5aa4e7797a1a4d88a81b4536ba6ec) Importer(815301076,1909f56bfc062723c751e8b465ee728b)
Start importing Assets/Brick Project Studio/Apartment Kit/Scenes/Scene_03 using Guid(64f5aa4e7797a1a4d88a81b4536ba6ec) Importer(815301076,1909f56bfc062723c751e8b465ee728b)  -> (artifact id: '70d86a3a082145930ca7733c8e6ec915') in 0.019504 seconds 
========================================================================
Received Import Request.
  Time since last request: 0.093835 seconds.
  path: Assets/Brick Project Studio/Apartment Kit/Scenes/Scene_03/OcclusionCullingData.asset
  artifactKey: Guid(6f115c79b71beb349b505585792bca70) Importer(815301076,1909f56bfc062723c751e8b465ee728b)
Start importing Assets/Brick Project Studio/Apartment Kit/Scenes/Scene_03/OcclusionCullingData.asset using Guid(6f115c79b71beb349b505585792bca70) Importer(815301076,1909f56bfc062723c751e8b465ee728b)  -> (artifact id: '609c5f5595ddd92e827d05b0792a579b') in 0.021867 seconds 
========================================================================
Received Import Request.
  Time since last request: 5.086042 seconds.
  path: Assets/Brick Project Studio/Apartment Kit/Scenes/Scene_01.unity
  artifactKey: Guid(4f80debdb52c166478997e1d2b329e3c) Importer(815301076,1909f56bfc062723c751e8b465ee728b)
Start importing Assets/Brick Project Studio/Apartment Kit/Scenes/Scene_01.unity using Guid(4f80debdb52c166478997e1d2b329e3c) Importer(815301076,1909f56bfc062723c751e8b465ee728b)  -> (artifact id: '395f858ec9f57379f9ff81fb278fc61a') in 0.017275 seconds 
========================================================================
Received Prepare
Registering precompiled user dll's ...
Registered in 0.005136 seconds.
Begin MonoManager ReloadAssembly
Symbol file LoadedFromMemory doesn't match image C:\Users\User\Desktop\Jam1\Library\PackageCache\com.unity.visualscripting@1.7.8\Editor\VisualScripting.Core\Dependencies\YamlDotNet\Unity.VisualScripting.YamlDotNet.dll
Symbol file LoadedFromMemory doesn't match image C:\Users\User\Desktop\Jam1\Library\PackageCache\com.unity.visualscripting@1.7.8\Editor\VisualScripting.Core\Dependencies\DotNetZip\Unity.VisualScripting.IonicZip.dll
Native extension for WindowsStandalone target not found
Refreshing native plugins compatible for Editor in 0.40 ms, found 3 plugins.
Preloading 0 native plugins for Editor in 0.00 ms.
Mono: successfully reloaded assembly
- Completed reload, in  0.681 seconds
Domain Reload Profiling:
	ReloadAssembly (681ms)
		BeginReloadAssembly (96ms)
			ExecutionOrderSort (0ms)
			DisableScriptedObjects (3ms)
			BackupInstance (0ms)
			ReleaseScriptingObjects (0ms)
			CreateAndSetChildDomain (34ms)
		EndReloadAssembly (526ms)
			LoadAssemblies (47ms)
			RebuildTransferFunctionScriptingTraits (0ms)
			SetupTypeCache (163ms)
			ReleaseScriptCaches (1ms)
			RebuildScriptCaches (24ms)
			SetupLoadedEditorAssemblies (258ms)
				LogAssemblyErrors (0ms)
				InitializePlatformSupportModulesInManaged (8ms)
				SetLoadedEditorAssemblies (0ms)
				RefreshPlugins (0ms)
				BeforeProcessingInitializeOnLoad (45ms)
				ProcessInitializeOnLoadAttributes (177ms)
				ProcessInitializeOnLoadMethodAttributes (23ms)
				AfterProcessingInitializeOnLoad (4ms)
				EditorAssembliesLoaded (0ms)
			ExecutionOrderSort2 (0ms)
			AwakeInstancesAfterBackupRestoration (6ms)
Platform modules already initialized, skipping
Refreshing native plugins compatible for Editor in 2.01 ms, found 3 plugins.
Preloading 0 native plugins for Editor in 0.00 ms.
Unloading 3394 Unused Serialized files (Serialized files now loaded: 0)
Unloading 20 unused Assets / (79.8 KB). Loaded Objects now: 3908.
Memory consumption went from 125.6 MB to 125.6 MB.
Total: 2.842300 ms (FindLiveObjects: 0.275800 ms CreateObjectMapping: 0.104100 ms MarkObjects: 2.381600 ms  DeleteObjects: 0.079800 ms)

AssetImportParameters requested are different than current active one (requested -> active):
  custom:video-decoder-ogg-theora: a1e56fd34408186e4bbccfd4996cb3dc -> 
  custom:container-muxer-webm: aa71ff27fc2769a1b78a27578f13a17b -> 
  custom:container-demuxer-webm: 4f35f7cbe854078d1ac9338744f61a02 -> 
  custom:video-encoder-webm-vp8: eb34c28f22e8b96e1ab97ce403110664 -> 
  custom:video-codec-MediaFoundation-h265: 746d11721c4dcdbdad8f713fa42b33f4 -> 
  custom:audio-encoder-webm-vorbis: bf7c407c2cedff20999df2af8eb42d56 -> 
  custom:framework-win-MediaFoundation: 216162199b28c13a410421893ffa2e32 -> 
  custom:container-demuxer-ogg: 62fdf1f143b41e24485cea50d1cbac27 -> 
  custom:video-decoder-webm-vp8: 9c59270c3fd7afecdb556c50c9e8de78 -> 
  custom:audio-decoder-ogg-vorbis: bf7c407c2cedff20999df2af8eb42d56 -> 
========================================================================
Received Import Request.
  Time since last request: 120.472476 seconds.
  path: Assets/Scenes/SampleScene.unity
  artifactKey: Guid(9fc0d4010bbf28b4594072e72b8655ab) Importer(815301076,1909f56bfc062723c751e8b465ee728b)
Start importing Assets/Scenes/SampleScene.unity using Guid(9fc0d4010bbf28b4594072e72b8655ab) Importer(815301076,1909f56bfc062723c751e8b465ee728b)  -> (artifact id: 'e55ccaa32d8e5c1de03c07a5412c8c3c') in 0.028780 seconds 
========================================================================
Received Import Request.
  Time since last request: 49.576140 seconds.
  path: Assets/Brick Project Studio/Apartment Kit/_Prefabs/Apt Build Kit/Interiors/Flooring & Ceilings/Int_apt_01_Ceiling_01.prefab
  artifactKey: Guid(3106a6f3c2fc2a547b55f8f47ff2e09c) Importer(815301076,1909f56bfc062723c751e8b465ee728b)
Start importing Assets/Brick Project Studio/Apartment Kit/_Prefabs/Apt Build Kit/Interiors/Flooring & Ceilings/Int_apt_01_Ceiling_01.prefab using Guid(3106a6f3c2fc2a547b55f8f47ff2e09c) Importer(815301076,1909f56bfc062723c751e8b465ee728b)  -> (artifact id: '04c05c3df42155fd34a2b9cf0eeffa5c') in 0.089569 seconds 
========================================================================
Received Import Request.
  Time since last request: 0.000018 seconds.
  path: Assets/Brick Project Studio/Apartment Kit/_Prefabs/Apt Build Kit/Interiors/Flooring & Ceilings/Int_apt_03_Floor_02.prefab
  artifactKey: Guid(a210596d183602d4f9abc956ba791b9e) Importer(815301076,1909f56bfc062723c751e8b465ee728b)
Start importing Assets/Brick Project Studio/Apartment Kit/_Prefabs/Apt Build Kit/Interiors/Flooring & Ceilings/Int_apt_03_Floor_02.prefab using Guid(a210596d183602d4f9abc956ba791b9e) Importer(815301076,1909f56bfc062723c751e8b465ee728b)  -> (artifact id: '5868cbbc6887da581fe73320f3865efd') in 0.044755 seconds 
========================================================================
Received Import Request.
  Time since last request: 0.000022 seconds.
  path: Assets/Brick Project Studio/Apartment Kit/_Prefabs/Apt Build Kit/Interiors/Flooring & Ceilings/Int_BR_02_Floor.prefab
  artifactKey: Guid(8934f512a6a9f714085a3d0dd88c1661) Importer(815301076,1909f56bfc062723c751e8b465ee728b)
Start importing Assets/Brick Project Studio/Apartment Kit/_Prefabs/Apt Build Kit/Interiors/Flooring & Ceilings/Int_BR_02_Floor.prefab using Guid(8934f512a6a9f714085a3d0dd88c1661) Importer(815301076,1909f56bfc062723c751e8b465ee728b)  -> (artifact id: '2e9b6227868e534df72d60b358c69d71') in 0.036471 seconds 
========================================================================
Received Import Request.
  Time since last request: 0.000019 seconds.
  path: Assets/Brick Project Studio/Apartment Kit/_Prefabs/Apt Build Kit/Interiors/Flooring & Ceilings/Int_apt_03_Floor_01.prefab
  artifactKey: Guid(57b8e39375d93984895e498850c28ef7) Importer(815301076,1909f56bfc062723c751e8b465ee728b)
Start importing Assets/Brick Project Studio/Apartment Kit/_Prefabs/Apt Build Kit/Interiors/Flooring & Ceilings/Int_apt_03_Floor_01.prefab using Guid(57b8e39375d93984895e498850c28ef7) Importer(815301076,1909f56bfc062723c751e8b465ee728b)  -> (artifact id: '2ce50fdfd13d59042906d847034f6af3') in 0.043218 seconds 
========================================================================
Received Import Request.
  Time since last request: 3.603697 seconds.
  path: Assets/Brick Project Studio/Apartment Kit/_Prefabs/Apt Build Kit/Interiors/Walls Frames & Doors/Apt_01/Int_Apt_01_Corner_01.prefab
  artifactKey: Guid(4ddec33f57bc4c74680f805d105aa0cc) Importer(815301076,1909f56bfc062723c751e8b465ee728b)
Start importing Assets/Brick Project Studio/Apartment Kit/_Prefabs/Apt Build Kit/Interiors/Walls Frames & Doors/Apt_01/Int_Apt_01_Corner_01.prefab using Guid(4ddec33f57bc4c74680f805d105aa0cc) Importer(815301076,1909f56bfc062723c751e8b465ee728b)  -> (artifact id: 'bb0ad756d43c4358818bced95c75ee00') in 0.068209 seconds 
========================================================================
Received Import Request.
  Time since last request: 0.000017 seconds.
  path: Assets/Brick Project Studio/Apartment Kit/_Prefabs/Apt Build Kit/Interiors/Walls Frames & Doors/Apt_01/Int_Apt_01_Wall_03.prefab
  artifactKey: Guid(0ef87058d11dd764abf30aefa470c526) Importer(815301076,1909f56bfc062723c751e8b465ee728b)
Start importing Assets/Brick Project Studio/Apartment Kit/_Prefabs/Apt Build Kit/Interiors/Walls Frames & Doors/Apt_01/Int_Apt_01_Wall_03.prefab using Guid(0ef87058d11dd764abf30aefa470c526) Importer(815301076,1909f56bfc062723c751e8b465ee728b)  -> (artifact id: 'a9f9cf3e091b42ee3291de589e2f88f9') in 0.086328 seconds 
========================================================================
Received Import Request.
  Time since last request: 0.000015 seconds.
  path: Assets/Brick Project Studio/Apartment Kit/_Prefabs/Apt Build Kit/Interiors/Walls Frames & Doors/Apt_01/Int_Apt_01_Wall_Double_01.prefab
  artifactKey: Guid(252cc1d947dc9f34fa0d633f87bbcfc0) Importer(815301076,1909f56bfc062723c751e8b465ee728b)
Start importing Assets/Brick Project Studio/Apartment Kit/_Prefabs/Apt Build Kit/Interiors/Walls Frames & Doors/Apt_01/Int_Apt_01_Wall_Double_01.prefab using Guid(252cc1d947dc9f34fa0d633f87bbcfc0) Importer(815301076,1909f56bfc062723c751e8b465ee728b)  -> (artifact id: 'ab2cab5d7922217e6fce54a40131e438') in 0.083982 seconds 
========================================================================
Received Import Request.
  Time since last request: 1.752479 seconds.
  path: Assets/Brick Project Studio/Apartment Kit/_Prefabs/Apt Build Kit/Interiors/Walls Frames & Doors/Apt_02/Int_Apt_02_Corner_01.prefab
  artifactKey: Guid(5751082ea532e49478e631f5ff9a1cfa) Importer(815301076,1909f56bfc062723c751e8b465ee728b)
Start importing Assets/Brick Project Studio/Apartment Kit/_Prefabs/Apt Build Kit/Interiors/Walls Frames & Doors/Apt_02/Int_Apt_02_Corner_01.prefab using Guid(5751082ea532e49478e631f5ff9a1cfa) Importer(815301076,1909f56bfc062723c751e8b465ee728b)  -> (artifact id: 'b5bc74076411ea60592455a3a0fdf9c3') in 0.035087 seconds 
========================================================================
Received Import Request.
  Time since last request: 0.000024 seconds.
  path: Assets/Brick Project Studio/Apartment Kit/_Prefabs/Apt Build Kit/Interiors/Walls Frames & Doors/Apt_02/Int_Apt_02_Wall_02.prefab
  artifactKey: Guid(30553bc0887e026448946afaa552d655) Importer(815301076,1909f56bfc062723c751e8b465ee728b)
Start importing Assets/Brick Project Studio/Apartment Kit/_Prefabs/Apt Build Kit/Interiors/Walls Frames & Doors/Apt_02/Int_Apt_02_Wall_02.prefab using Guid(30553bc0887e026448946afaa552d655) Importer(815301076,1909f56bfc062723c751e8b465ee728b)  -> (artifact id: '677782108bfd6b0641d3f95389b07ebc') in 0.039759 seconds 
========================================================================
Received Import Request.
  Time since last request: 1.500477 seconds.
  path: Assets/Brick Project Studio/Apartment Kit/_Prefabs/Apt Build Kit/Interiors/Walls Frames & Doors/Apt_03/Int_Apt_03_Corner_01.prefab
  artifactKey: Guid(c873e765218b357479718f2fe5578f87) Importer(815301076,1909f56bfc062723c751e8b465ee728b)
Start importing Assets/Brick Project Studio/Apartment Kit/_Prefabs/Apt Build Kit/Interiors/Walls Frames & Doors/Apt_03/Int_Apt_03_Corner_01.prefab using Guid(c873e765218b357479718f2fe5578f87) Importer(815301076,1909f56bfc062723c751e8b465ee728b)  -> (artifact id: 'd681d0586872c89f83e9555e009d6953') in 0.059646 seconds 
========================================================================
Received Import Request.
  Time since last request: 0.000049 seconds.
  path: Assets/Brick Project Studio/Apartment Kit/_Prefabs/Apt Build Kit/Interiors/Walls Frames & Doors/Apt_03/Int_Apt_03_Wall_04.prefab
  artifactKey: Guid(00db1187d63c7404591f8f93f3547629) Importer(815301076,1909f56bfc062723c751e8b465ee728b)
Start importing Assets/Brick Project Studio/Apartment Kit/_Prefabs/Apt Build Kit/Interiors/Walls Frames & Doors/Apt_03/Int_Apt_03_Wall_04.prefab using Guid(00db1187d63c7404591f8f93f3547629) Importer(815301076,1909f56bfc062723c751e8b465ee728b)  -> (artifact id: 'c4105946723fafa2ad736a8bcbc1e3b9') in 0.044578 seconds 
Editor requested this worker to shutdown with reason: Scaling down because of idle timeout
AssetImportWorker is now disconnected from the server
Process exiting
Exiting without the bug reporter. Application will terminate with return code 0